# JRE version: OpenJDK Runtime Environment (11.0.8+10) (build 11.0.8+10-b944.6842174)
# Java VM: OpenJDK 64-Bit Server VM (11.0.8+10-b944.6842174, mixed mode, tiered, compressed oops, g1 gc, windows-amd64)
Heap:
 garbage-first heap   total 251904K, used 83777K [0x00000000a0000000, 0x0000000100000000)
  region size 1024K, 65 young (66560K), 6 survivors (6144K)
 Metaspace       used 40881K, capacity 41774K, committed 41984K, reserved 1085440K
  class space    used 5231K, capacity 5536K, committed 5632K, reserved 1048576K
GC Heap History (10 events):
Event: 0.891 GC heap before
{Heap before GC invocations=0 (full 0):
 garbage-first heap   total 251904K, used 29696K [0x00000000a0000000, 0x0000000100000000)
  region size 1024K, 24 young (24576K), 0 survivors (0K)
 Metaspace       used 10645K, capacity 10932K, committed 11264K, reserved 1058816K
  class space    used 1128K, capacity 1200K, committed 1280K, reserved 1048576K
}
Event: 0.895 GC heap after
{Heap after GC invocations=1 (full 0):
 garbage-first heap   total 251904K, used 8885K [0x00000000a0000000, 0x0000000100000000)
  region size 1024K, 3 young (3072K), 3 survivors (3072K)
 Metaspace       used 10645K, capacity 10932K, committed 11264K, reserved 1058816K
  class space    used 1128K, capacity 1200K, committed 1280K, reserved 1048576K
}
Event: 3.289 GC heap before
{Heap before GC invocations=1 (full 0):
 garbage-first heap   total 251904K, used 92853K [0x00000000a0000000, 0x0000000100000000)
  region size 1024K, 87 young (89088K), 3 survivors (3072K)
 Metaspace       used 20589K, capacity 21095K, committed 21248K, reserved 1067008K
  class space    used 2525K, capacity 2712K, committed 2816K, reserved 1048576K
}
Event: 3.304 GC heap after
{Heap after GC invocations=2 (full 0):
 garbage-first heap   total 251904K, used 15644K [0x00000000a0000000, 0x0000000100000000)
  region size 1024K, 10 young (10240K), 10 survivors (10240K)
 Metaspace       used 20589K, capacity 21095K, committed 21248K, reserved 1067008K
  class space    used 2525K, capacity 2712K, committed 2816K, reserved 1048576K
}
Event: 3.516 GC heap before
{Heap before GC invocations=3 (full 0):
 garbage-first heap   total 251904K, used 28956K [0x00000000a0000000, 0x0000000100000000)
  region size 1024K, 23 young (23552K), 10 survivors (10240K)
 Metaspace       used 21796K, capacity 22390K, committed 22528K, reserved 1069056K
  class space    used 2758K, capacity 2974K, committed 3072K, reserved 1048576K
}
Event: 3.522 GC heap after
{Heap after GC invocations=4 (full 0):
 garbage-first heap   total 251904K, used 16731K [0x00000000a0000000, 0x0000000100000000)
  region size 1024K, 1 young (1024K), 1 survivors (1024K)
 Metaspace       used 21796K, capacity 22390K, committed 22528K, reserved 1069056K
  class space    used 2758K, capacity 2974K, committed 3072K, reserved 1048576K
}
Event: 4.836 GC heap before
{Heap before GC invocations=4 (full 0):
 garbage-first heap   total 251904K, used 101723K [0x00000000a0000000, 0x0000000100000000)
  region size 1024K, 84 young (86016K), 1 survivors (1024K)
 Metaspace       used 34581K, capacity 35341K, committed 35584K, reserved 1079296K
  class space    used 4495K, capacity 4785K, committed 4864K, reserved 1048576K
}
Event: 4.842 GC heap after
{Heap after GC invocations=5 (full 0):
 garbage-first heap   total 251904K, used 20792K [0x00000000a0000000, 0x0000000100000000)
  region size 1024K, 5 young (5120K), 5 survivors (5120K)
 Metaspace       used 34581K, capacity 35341K, committed 35584K, reserved 1079296K
  class space    used 4495K, capacity 4785K, committed 4864K, reserved 1048576K
}
Event: 4.898 GC heap before
{Heap before GC invocations=5 (full 0):
 garbage-first heap   total 251904K, used 23864K [0x00000000a0000000, 0x0000000100000000)
  region size 1024K, 9 young (9216K), 5 survivors (5120K)
 Metaspace       used 35070K, capacity 35809K, committed 35840K, reserved 1081344K
  class space    used 4567K, capacity 4856K, committed 4864K, reserved 1048576K
}
Event: 4.907 GC heap after
{Heap after GC invocations=6 (full 0):
 garbage-first heap   total 251904K, used 21313K [0x00000000a0000000, 0x0000000100000000)
  region size 1024K, 6 young (6144K), 6 survivors (6144K)
 Metaspace       used 35070K, capacity 35809K, committed 35840K, reserved 1081344K
  class space    used 4567K, capacity 4856K, committed 4864K, reserved 1048576K
}

